0 info it worked if it ends with ok
1 verbose cli [ '/usr/local/bin/node',
1 verbose cli   '/usr/local/bin/npm',
1 verbose cli   'run',
1 verbose cli   'start',
1 verbose cli   '--',
1 verbose cli   '--root',
1 verbose cli   './' ]
2 info using npm@3.10.10
3 info using node@v6.10.2
4 verbose run-script [ 'prestart', 'start', 'poststart' ]
5 info lifecycle AnimationNavigation@0.0.1~prestart: AnimationNavigation@0.0.1
6 silly lifecycle AnimationNavigation@0.0.1~prestart: no script for prestart, continuing
7 info lifecycle AnimationNavigation@0.0.1~start: AnimationNavigation@0.0.1
8 verbose lifecycle AnimationNavigation@0.0.1~start: unsafe-perm in lifecycle true
9 verbose lifecycle AnimationNavigation@0.0.1~start: PATH: /usr/local/lib/node_modules/npm/bin/node-gyp-bin:/Users/vyga/Desktop/AnimationNavigation/node_modules/.bin:/Users/vyga/.rvm/gems/ruby-2.2.4/bin:/Users/vyga/.rvm/gems/ruby-2.2.4@global/bin:/Users/vyga/.rvm/rubies/ruby-2.2.4/bin:/usr/bin/rails:/bin:/Users/vyga/Library/Android/sdk:/Library/Java/JavaVirtualMachines/jdk1.8.0_121.jdk/Contents/Home/bin:/usr/local/bin:/usr/bin:/bin:/usr/sbin:/sbin/tools:/Users/vyga/Library/Android/sdk:/Library/Java/JavaVirtualMachines/jdk1.8.0_121.jdk/Contents/Home/bin:/usr/local/bin:/usr/bin:/bin:/usr/sbin:/sbin/platform-tools:/Users/vyga/Library/android-sdk-macosx/platform-tools::/Users/vyga/Library/android-sdk-macosx/tools:/usr/local/bin/sbt:/usr/bin/java:/Users/vyga/Library/android-sdk-cosx/tools:/usr/local/bin/parse:/usr/local/lib:/usr/local/bin:/usr/bin:/usr/bin/bash:/Users/vyga/Library/Android/sdk:/Users/vyga/Library/Android/sdk:/Users/vyga/Library/Android/sdk/platform-tools:/usr/local/bin:/Users/vyga/Library/Android/sdk/tools:/Library/Frameworks/Python.framework/Versions/3.4/bin:/Users/vyga/bin:/opt/local/bin:/opt/local/sbin:/usr/local/bin:/usr/bin:/bin:/usr/sbin:/sbin:/opt/X11/bin:/Users/vyga/Library/Android/sdk/platform-tools:/usr/local/share/npm/bin:/Users/vyga/.node/lib/node_modules/ios-sim:/Users/vyga/lib/node_modules/ionic/bin/ionic:/Users/vyga/.node/lib/node_modules:/Users/vyga/.node/lib/node_modules/phonegap:/Users/vyga:/Users/vyga/lib:/lib/node_modules:/Users/vyga/lib/node_modules:/usr/local/lib/node_modules:mongodb/3.2.4/bin:/Library/Java/JavaVirtualMachines/jdk1.8.0_121.jdk/Contents/Home/bin:/usr/local/bin:/usr/bin:/bin:/usr/sbin:/sbin:/Users/vyga/.rvm/bin
10 verbose lifecycle AnimationNavigation@0.0.1~start: CWD: /Users/vyga/Desktop/AnimationNavigation
11 silly lifecycle AnimationNavigation@0.0.1~start: Args: [ '-c',
11 silly lifecycle   'node node_modules/react-native/local-cli/cli.js start "--root" "./"' ]
12 silly lifecycle AnimationNavigation@0.0.1~start: Returned: code: 11  signal: null
13 info lifecycle AnimationNavigation@0.0.1~start: Failed to exec start script
14 verbose stack Error: AnimationNavigation@0.0.1 start: `node node_modules/react-native/local-cli/cli.js start "--root" "./"`
14 verbose stack Exit status 11
14 verbose stack     at EventEmitter.<anonymous> (/usr/local/lib/node_modules/npm/lib/utils/lifecycle.js:255:16)
14 verbose stack     at emitTwo (events.js:106:13)
14 verbose stack     at EventEmitter.emit (events.js:191:7)
14 verbose stack     at ChildProcess.<anonymous> (/usr/local/lib/node_modules/npm/lib/utils/spawn.js:40:14)
14 verbose stack     at emitTwo (events.js:106:13)
14 verbose stack     at ChildProcess.emit (events.js:191:7)
14 verbose stack     at maybeClose (internal/child_process.js:886:16)
14 verbose stack     at Process.ChildProcess._handle.onexit (internal/child_process.js:226:5)
15 verbose pkgid AnimationNavigation@0.0.1
16 verbose cwd /Users/vyga/Desktop/AnimationNavigation
17 error Darwin 16.6.0
18 error argv "/usr/local/bin/node" "/usr/local/bin/npm" "run" "start" "--" "--root" "./"
19 error node v6.10.2
20 error npm  v3.10.10
21 error code ELIFECYCLE
22 error AnimationNavigation@0.0.1 start: `node node_modules/react-native/local-cli/cli.js start "--root" "./"`
22 error Exit status 11
23 error Failed at the AnimationNavigation@0.0.1 start script 'node node_modules/react-native/local-cli/cli.js start "--root" "./"'.
23 error Make sure you have the latest version of node.js and npm installed.
23 error If you do, this is most likely a problem with the AnimationNavigation package,
23 error not with npm itself.
23 error Tell the author that this fails on your system:
23 error     node node_modules/react-native/local-cli/cli.js start "--root" "./"
23 error You can get information on how to open an issue for this project with:
23 error     npm bugs AnimationNavigation
23 error Or if that isn't available, you can get their info via:
23 error     npm owner ls AnimationNavigation
23 error There is likely additional logging output above.
24 verbose exit [ 1, true ]
